C51 COMPILER V9.00   APP_PWR_OFF                                                           11/04/2020 15:29:23 PAGE 1   


C51 COMPILER V9.00, COMPILATION OF MODULE APP_PWR_OFF
OBJECT MODULE PLACED IN .\Output\App_pwr_off.obj
COMPILER INVOKED BY: C:\Keil_MDK\C51\BIN\C51.EXE ..\Main\App_pwr_off.c OPTIMIZE(8,SPEED) BROWSE INCDIR(..\Library;..\Mai
                    -n;..\Library\Device\Include;..\Main\0AC) DEFINE(FOSC_160000) DEBUG OBJECTEXTEND PRINT(.\LST\App_pwr_off.lst) TABS(2) OBJ
                    -ECT(.\Output\App_pwr_off.obj)

line level    source

   1          #include "includes.h"
   2          #include "App_Key.h"
   3          #include "Sys_Init.h"
   4          #include "Sys_Time0_IRQ.h"
   5          
   6          #define DEF_PWR_OFF_DELAY   200         //*10ms
   7          
   8          static u8 ucPwr_off_status;
   9          u8 exit_sleep_flag = 0;
  10          
  11          void pwr_off_init(void)
  12          {
  13   1        ucPwr_off_status = 0;
  14   1      }
  15          
  16          void pwr_off_set(void)
  17          {
  18   1        ucPwr_off_status = 1;
  19   1      }
  20          
  21          void pwr_off_server(void)
  22          {
  23   1        static xdata u16 uwTime_cnt = 0;
  24   1          static u16 uwDelay = 0; 
  25   1          
  26   1        if(1 == ucPwr_off_status)
  27   1        {
  28   2          uwTime_cnt++;
  29   2          if(uwTime_cnt >= DEF_PWR_OFF_DELAY)
  30   2          {
  31   3            uwTime_cnt = 0;
  32   3            
  33   3            //
  34   3            a_oReset_BT=0;
  35   3            ucPwr_off_status = 0;
  36   3            a_oLed_pwr_low = 1;
  37   3            a_oLed_full = 1;
  38   3            a_oLed_blue = 1;
  39   3                  a_oPwr_on = 0;        //pwr off
  40   3                  //延时等待电压下降
  41   3                  mTime0_DLY_US(&uwDelay,50000);
  42   3            while(1)
  43   3                  {
  44   4                      if(mTime0_DLY_US(&uwDelay,10000))
  45   4                          continue;
  46   4                      
  47   4                      if(0 == a_iDC_Input)
  48   4                      {
  49   5                          uwTime_cnt++;
  50   5                          if(uwTime_cnt >= 100)
  51   5                          {
  52   6                              uwTime_cnt = 0;
  53   6                              break;          //充电器接入
C51 COMPILER V9.00   APP_PWR_OFF                                                           11/04/2020 15:29:23 PAGE 2   

  54   6                          }
  55   5                      }
  56   4                      else
  57   4                      {
  58   5                          uwTime_cnt = 0;
  59   5                      }
  60   4                  }
  61   3                  //关机失败
  62   3                  a_oPwr_on = 0;    //pwr on
  63   3                  pwr_on_set(0);      //进入开机状态  
  64   3                  //Delay_MS(500);
  65   3                  if(exit_sleep_flag == 0)
  66   3                      exit_sleep_flag = 1;
  67   3          }
  68   2        }
  69   1        else
  70   1        {
  71   2          uwTime_cnt = 0;
  72   2        }
  73   1      }


MODULE INFORMATION:   STATIC OVERLAYABLE
   CODE SIZE        =    160    ----
   CONSTANT SIZE    =   ----    ----
   XDATA SIZE       =      2    ----
   PDATA SIZE       =   ----    ----
   DATA SIZE        =      4    ----
   IDATA SIZE       =   ----    ----
   BIT SIZE         =   ----    ----
END OF MODULE INFORMATION.


C51 COMPILATION COMPLETE.  0 WARNING(S),  0 ERROR(S)
