C51 COMPILER V9.00   APP_ADC                                                               11/04/2020 15:29:23 PAGE 1   


C51 COMPILER V9.00, COMPILATION OF MODULE APP_ADC
OBJECT MODULE PLACED IN .\Output\APP_Adc.obj
COMPILER INVOKED BY: C:\Keil_MDK\C51\BIN\C51.EXE ..\Main\APP_Adc.c OPTIMIZE(8,SPEED) BROWSE INCDIR(..\Library;..\Main;..
                    -\Library\Device\Include;..\Main\0AC) DEFINE(FOSC_160000) DEBUG OBJECTEXTEND PRINT(.\LST\APP_Adc.lst) TABS(2) OBJECT(.\Ou
                    -tput\APP_Adc.obj)

line level    source

   1          //*****************文*件*信*息********************************************
   2          // *文 件 名：Init.c
   3          // *版　  本：V1.0
   4          // *创 建 人：
   5          // *日　  期：
   6          // *描　  述：
   7          // *
   8          // *当前版本：V1.0
   9          // *修 改 人：
  10          // *日　  期：
  11          // *描　  述：
  12          //************************************************************************
  13          #include "Includes.h"
  14          #include "Sys_Adc.h"
  15          #include "App_BT_Uart0.h"
  16          
  17          void APP_Adc_server(void)
  18          {
  19   1        static uint16_t uwTime = 0;
  20   1          static uint16_t uwAdd_Adc = 0;
  21   1          static uint8_t ucAdd_cnt = 0;
  22   1        uint16_t uwAdc;
  23   1        
  24   1        uwTime++;
  25   1        if(uwTime >= 25)   //5*25*16 = 2000ms
  26   1        {
  27   2          uwTime = 0;
  28   2          
  29   2          uwAdc = Adc_Data_Get();
  30   2              uwAdd_Adc += uwAdc;
  31   2              
  32   2              ucAdd_cnt++;
  33   2              if(ucAdd_cnt >= 16)
  34   2              {
  35   3                  ucAdd_cnt = 0;
  36   3                  
  37   3                  uwAdd_Adc = uwAdd_Adc/16;
  38   3                  app_bt_adc_data(uwAdd_Adc);
  39   3                  uwAdd_Adc = 0;
  40   3              }
  41   2        }
  42   1      }


MODULE INFORMATION:   STATIC OVERLAYABLE
   CODE SIZE        =     77    ----
   CONSTANT SIZE    =   ----    ----
   XDATA SIZE       =   ----    ----
   PDATA SIZE       =   ----    ----
   DATA SIZE        =      5    ----
   IDATA SIZE       =   ----    ----
   BIT SIZE         =   ----    ----
END OF MODULE INFORMATION.

C51 COMPILER V9.00   APP_ADC                                                               11/04/2020 15:29:23 PAGE 2   


C51 COMPILATION COMPLETE.  0 WARNING(S),  0 ERROR(S)
