C51 COMPILER V9.00   MAIN                                                                  11/04/2020 15:29:22 PAGE 1   


C51 COMPILER V9.00, COMPILATION OF MODULE MAIN
OBJECT MODULE PLACED IN .\Output\Main.obj
COMPILER INVOKED BY: C:\Keil_MDK\C51\BIN\C51.EXE ..\Main\Main.c OPTIMIZE(8,SPEED) BROWSE INCDIR(..\Library;..\Main;..\Li
                    -brary\Device\Include;..\Main\0AC) DEFINE(FOSC_160000) DEBUG OBJECTEXTEND PRINT(.\LST\Main.lst) TABS(2) OBJECT(.\Output\M
                    -ain.obj)

line level    source

   1          #include "includes.h"
   2          
   3          #include "Sys_Init.h"
   4          #include "Sys_Time0_IRQ.h"
   5          #include "Sys_Adc.h"
   6          #include "App_BT_Uart0.h"
   7          #include "App_Key.h"
   8          #include "App_Charge_bat.h"
   9          #include "App_pwr_off.h"
  10          #include "App_iap_info.h"
  11          #include "APP_Adc.h"
  12          #include "App_Reset_BT.h"
  13          #include "App_blue_led.h"
  14          
  15          void main (void)
  16          {
  17   1          static u16 uwMain_Clk = 0; 
  18   1      
  19   1          clr_IE_EA;
  20   1          
  21   1          SYS_Init();
  22   1          
  23   1          set_IE_EA;                                     //enable interrupts
  24   1      
  25   1          nop();
  26   1      
  27   1          //app
  28   1          //App_Reset_BT_start();
  29   1          pwr_off_init();
  30   1          App_charge_bat_init();
  31   1          app_key_init();
  32   1          app_bt_init();
  33   1          Delay_MS(10);
  34   1          while(1)
  35   1          {
  36   2              Adc_server();
  37   2              if(fMain_INT)
  38   2          {
  39   3            fMain_INT = 0;
  40   3          }
  41   2              if(mTime0_DLY_US(&uwMain_Clk,5000))
  42   2              {
  43   3                  app_key_server();
  44   3                  App_charge_bat_server();
  45   3                  app_bt_server();
  46   3                  pwr_off_server();
  47   3            APP_Adc_server();
  48   3                //App_Reset_BT_server();
  49   3                  if(2 == pwr_on_status())
  50   3                  {
  51   4                      blue_led_server();
  52   4                  }
  53   3              }
C51 COMPILER V9.00   MAIN                                                                  11/04/2020 15:29:22 PAGE 2   

  54   2          }
  55   1      }
  56            


MODULE INFORMATION:   STATIC OVERLAYABLE
   CODE SIZE        =     77    ----
   CONSTANT SIZE    =   ----    ----
   XDATA SIZE       =   ----    ----
   PDATA SIZE       =   ----    ----
   DATA SIZE        =      2    ----
   IDATA SIZE       =   ----    ----
   BIT SIZE         =   ----    ----
END OF MODULE INFORMATION.


C51 COMPILATION COMPLETE.  0 WARNING(S),  0 ERROR(S)
