C51 COMPILER V9.52.0.0   SYS_PORT                                                          12/14/2019 23:54:16 PAGE 1   


C51 COMPILER V9.52.0.0, COMPILATION OF MODULE SYS_PORT
OBJECT MODULE PLACED IN .\Output\Sys_Port.obj
COMPILER INVOKED BY: C:\Keil_MDK\C51\BIN\C51.EXE ..\Main\Sys_Port.c OPTIMIZE(8,SPEED) BROWSE INCDIR(..\Library;..\Main;.
                    -.\Library\Device\Include;..\Main\0AC) DEFINE(FOSC_160000) DEBUG OBJECTEXTEND PRINT(.\LST\Sys_Port.lst) OBJECT(.\Output\S
                    -ys_Port.obj)

line level    source

   1          #include "includes.h"
   2          #include "Sys_Port.h"
   3          
   4          void Port_init(void)
   5          {
   6   1          ALL_GPIO_QUASI_MODE;
   7   1          
   8   1              P10_INPUT_MODE;
   9   1          P03_INPUT_MODE;
  10   1      }


MODULE INFORMATION:   STATIC OVERLAYABLE
   CODE SIZE        =     26    ----
   CONSTANT SIZE    =   ----    ----
   XDATA SIZE       =   ----    ----
   PDATA SIZE       =   ----    ----
   DATA SIZE        =   ----    ----
   IDATA SIZE       =   ----    ----
   BIT SIZE         =   ----    ----
END OF MODULE INFORMATION.


C51 COMPILATION COMPLETE.  0 WARNING(S),  0 ERROR(S)
